14:10:39  Performance log started → /home/shauns/Desktop/MusicPlayer/perf_20260329_141039.log
14:10:41  MusicPlayer._apply_filter_inner: 243.8ms
14:10:41  MusicPlayer._apply_filter: 244.3ms
14:10:42  MusicPlayer._build_tag_bar: 134.7ms
14:10:49  MusicPlayer._on_select: 2.4ms
14:10:49  MusicPlayer._on_double: 26.7ms
14:10:50  MusicPlayer._load: 1.8ms
14:10:50  MusicPlayer._on_select: 1.2ms
14:10:50  MusicPlayer._on_select: 1.0ms
14:10:53  MusicPlayer._on_select: 1.4ms
14:10:53  MusicPlayer._on_double: 31.5ms
14:10:54  MusicPlayer._load: 1.3ms
14:10:59  MusicPlayer._on_select: 1.5ms
14:10:59  MusicPlayer._on_double: 23.3ms
14:11:00  MusicPlayer._record_play: 6.7ms
14:11:00  MusicPlayer._update_single_row: 1.1ms
14:11:00  MusicPlayer._load: 1.6ms
14:11:06  MusicPlayer._record_play: 4.3ms
14:11:15  MusicPlayer._apply_filter_inner: 6.1ms
14:11:15  MusicPlayer._apply_filter: 6.3ms
14:11:17  MusicPlayer._apply_filter_inner: 155.0ms
14:11:17  MusicPlayer._apply_filter: 155.2ms
14:11:18  MusicPlayer._apply_filter_inner: 10.8ms
14:11:18  MusicPlayer._apply_filter: 11.0ms
14:11:26  MusicPlayer._apply_filter_inner: 148.4ms
14:11:26  MusicPlayer._apply_filter: 148.6ms
14:11:28  MusicPlayer._apply_filter_inner: 7.9ms
14:11:28  MusicPlayer._apply_filter: 8.1ms
14:13:53  MusicPlayer._apply_filter_inner: 15.0ms
14:13:53  MusicPlayer._apply_filter: 15.2ms
14:13:54  MusicPlayer._on_select: 1.0ms
14:13:55  MusicPlayer._on_double: 32.4ms
14:13:56  MusicPlayer._on_select: 1.3ms
14:13:56  MusicPlayer._on_select: 1.1ms
14:14:01  MusicPlayer._record_play: 6.7ms
14:17:34  MusicPlayer._apply_filter_inner: 1.6ms
14:17:34  MusicPlayer._apply_filter: 1.8ms
