14:42:37  Performance log started → /home/shauns/Desktop/MusicPlayer/perf_20260329_144237.log
14:42:43  MusicPlayer._apply_filter_inner: 272.4ms
14:42:43  MusicPlayer._apply_filter: 273.0ms
14:42:43  MusicPlayer._build_tag_bar: 95.4ms
14:43:21  MusicPlayer._on_select: 2.0ms
14:43:22  MusicPlayer._on_double: 29.4ms
14:43:23  MusicPlayer._load: 1.5ms
14:43:25  MusicPlayer._on_select: 1.1ms
14:43:26  MusicPlayer._on_select: 1.0ms
14:43:26  MusicPlayer._on_double: 30.3ms
14:43:28  MusicPlayer._load: 1.5ms
14:43:33  MusicPlayer._record_play: 5.1ms
14:43:38  MusicPlayer._on_double: 30.7ms
14:43:39  MusicPlayer._load: 1.5ms
14:43:44  MusicPlayer._record_play: 5.2ms
14:43:44  MusicPlayer._update_single_row: 1.1ms
14:45:12  MusicPlayer._update_single_row: 1.4ms [vote_like]
14:45:54  MusicPlayer._load: 1.3ms [vote_like]
14:45:54  MusicPlayer._play_now_click: 9.3ms [play_now]
14:45:59  MusicPlayer._record_play: 4.9ms [play_now]
14:45:59  MusicPlayer._update_single_row: 1.2ms [play_now]
14:46:01  MusicPlayer._on_select: 1.5ms [play_now]
14:46:02  MusicPlayer._on_double: 18.7ms [play_now]
